<?xml version="1.0" encoding="UTF-8"?>
<testsuite name="GameEngineTest" tests="9" skipped="0" failures="0" errors="0" timestamp="2026-05-09T07:55:37.544Z" hostname="MEANING" time="0.015">
  <properties/>
  <testcase name="opponentPieceTest()" classname="GameEngineTest" time="0.003"/>
  <testcase name="gameEndTest()" classname="GameEngineTest" time="0.0"/>
  <testcase name="mageShootTest()" classname="GameEngineTest" time="0.001"/>
  <testcase name="returnedCapturedPieceTest()" classname="GameEngineTest" time="0.001"/>
  <testcase name="alternatingTurnTest()" classname="GameEngineTest" time="0.001"/>
  <testcase name="archmageShootTest()" classname="GameEngineTest" time="0.0"/>
  <testcase name="whiteFirstTest()" classname="GameEngineTest" time="0.001"/>
  <testcase name="totalMovesTest()" classname="GameEngineTest" time="0.0"/>
  <testcase name="archerShootTest()" classname="GameEngineTest" time="0.0"/>
  <system-out><![CDATA[]]></system-out>
  <system-err><![CDATA[]]></system-err>
</testsuite>
