<?xml version="1.0" encoding="UTF-8"?>
<testsuite name="ArcherTest" tests="6" skipped="0" failures="0" errors="0" timestamp="2026-05-09T07:55:37.474Z" hostname="MEANING" time="0.037">
  <properties/>
  <testcase name="shootTest()" classname="ArcherTest" time="0.026"/>
  <testcase name="shotBlockedTest()" classname="ArcherTest" time="0.001"/>
  <testcase name="moveTest()" classname="ArcherTest" time="0.001"/>
  <testcase name="shootEnemyTest()" classname="ArcherTest" time="0.002"/>
  <testcase name="shootAllyTest()" classname="ArcherTest" time="0.001"/>
  <testcase name="shootExceedTest()" classname="ArcherTest" time="0.001"/>
  <system-out><![CDATA[]]></system-out>
  <system-err><![CDATA[]]></system-err>
</testsuite>
