<?xml version="1.0" encoding="UTF-8"?>
<testsuite name="ArchmageTest" tests="7" skipped="0" failures="0" errors="0" timestamp="2026-05-09T07:55:37.517Z" hostname="MEANING" time="0.008">
  <properties/>
  <testcase name="shootTest()" classname="ArchmageTest" time="0.001"/>
  <testcase name="cooldownCountTest()" classname="ArchmageTest" time="0.0"/>
  <testcase name="shotBlockedTest()" classname="ArchmageTest" time="0.0"/>
  <testcase name="moveTest()" classname="ArchmageTest" time="0.001"/>
  <testcase name="shootEnemyTest()" classname="ArchmageTest" time="0.0"/>
  <testcase name="cooldownTest()" classname="ArchmageTest" time="0.0"/>
  <testcase name="downtimeTest()" classname="ArchmageTest" time="0.0"/>
  <system-out><![CDATA[]]></system-out>
  <system-err><![CDATA[]]></system-err>
</testsuite>
