<?xml version="1.0" encoding="UTF-8"?>
<testsuite name="DragonTest" tests="4" skipped="0" failures="0" errors="0" timestamp="2026-05-09T07:55:37.534Z" hostname="MEANING" time="0.005">
  <properties/>
  <testcase name="moveStraightTest()" classname="DragonTest" time="0.001"/>
  <testcase name="moveDiagonalTest()" classname="DragonTest" time="0.002"/>
  <testcase name="captureTest()" classname="DragonTest" time="0.001"/>
  <testcase name="blockedTest()" classname="DragonTest" time="0.001"/>
  <system-out><![CDATA[]]></system-out>
  <system-err><![CDATA[]]></system-err>
</testsuite>
