<?xml version="1.0" encoding="UTF-8"?>
<testsuite name="AssassinTest" tests="5" skipped="0" failures="0" errors="0" timestamp="2026-05-09T07:55:37.527Z" hostname="MEANING" time="0.005">
  <properties/>
  <testcase name="jumpTest()" classname="AssassinTest" time="0.0"/>
  <testcase name="moveExceedTest()" classname="AssassinTest" time="0.001"/>
  <testcase name="moveTest()" classname="AssassinTest" time="0.001"/>
  <testcase name="captureTest()" classname="AssassinTest" time="0.001"/>
  <testcase name="landingTest()" classname="AssassinTest" time="0.001"/>
  <system-out><![CDATA[]]></system-out>
  <system-err><![CDATA[]]></system-err>
</testsuite>
