<?xml version="1.0" encoding="UTF-8"?>
<testsuite name="GameSetupTest" tests="4" skipped="0" failures="0" errors="0" timestamp="2026-05-09T07:55:37.560Z" hostname="MEANING" time="0.007">
  <properties/>
  <testcase name="whiteTest()" classname="GameSetupTest" time="0.002"/>
  <testcase name="allWhitePiecesAreCorrectColor()" classname="GameSetupTest" time="0.001"/>
  <testcase name="blackTest()" classname="GameSetupTest" time="0.001"/>
  <testcase name="allBlackPiecesAreCorrectColor()" classname="GameSetupTest" time="0.0"/>
  <system-out><![CDATA[]]></system-out>
  <system-err><![CDATA[]]></system-err>
</testsuite>
