<?xml version="1.0" encoding="UTF-8"?>
<testsuite name="WarriorTest" tests="9" skipped="0" failures="0" errors="0" timestamp="2026-05-09T07:55:37.595Z" hostname="MEANING" time="0.012">
  <properties/>
  <testcase name="survivesFirstHit()" classname="WarriorTest" time="0.001"/>
  <testcase name="cannotMoveTwoSquaresAfterFirstMove()" classname="WarriorTest" time="0.001"/>
  <testcase name="startsWithTwoLives()" classname="WarriorTest" time="0.0"/>
  <testcase name="blackWarriorMovesDown()" classname="WarriorTest" time="0.0"/>
  <testcase name="movesForwardOneSquare()" classname="WarriorTest" time="0.0"/>
  <testcase name="movesTwoSquaresOnFirstMove()" classname="WarriorTest" time="0.001"/>
  <testcase name="cannotCaptureForward()" classname="WarriorTest" time="0.001"/>
  <testcase name="capturesDiagonally()" classname="WarriorTest" time="0.001"/>
  <testcase name="diesOnSecondHit()" classname="WarriorTest" time="0.001"/>
  <system-out><![CDATA[]]></system-out>
  <system-err><![CDATA[]]></system-err>
</testsuite>
