<?xml version="1.0" encoding="UTF-8"?>
<testsuite name="MageTest" tests="7" skipped="0" failures="0" errors="0" timestamp="2026-05-09T07:55:37.570Z" hostname="MEANING" time="0.014">
  <properties/>
  <testcase name="cannotShootWithNoCharges()" classname="MageTest" time="0.001"/>
  <testcase name="cannotShootBeyond4Tiles()" classname="MageTest" time="0.002"/>
  <testcase name="shootsStraightUpTo4Tiles()" classname="MageTest" time="0.001"/>
  <testcase name="movesOneSquareInAnyDirection()" classname="MageTest" time="0.001"/>
  <testcase name="chargesDecreaseAfterShooting()" classname="MageTest" time="0.001"/>
  <testcase name="shotBlockedByAllyPiece()" classname="MageTest" time="0.001"/>
  <testcase name="shootRemovesEnemyFromBoard()" classname="MageTest" time="0.001"/>
  <system-out><![CDATA[]]></system-out>
  <system-err><![CDATA[]]></system-err>
</testsuite>
