<?xml version="1.0" encoding="UTF-8"?>
<testsuite name="PositionTest" tests="5" skipped="0" failures="0" errors="0" timestamp="2026-05-09T07:55:37.585Z" hostname="MEANING" time="0.009">
  <properties/>
  <testcase name="equalityIsValueBased()" classname="PositionTest" time="0.002"/>
  <testcase name="toStringIsChessNotation()" classname="PositionTest" time="0.003"/>
  <testcase name="outOfBoundsAreInvalid()" classname="PositionTest" time="0.0"/>
  <testcase name="offsetWorks()" classname="PositionTest" time="0.0"/>
  <testcase name="validPositionsAreAccepted()" classname="PositionTest" time="0.001"/>
  <system-out><![CDATA[]]></system-out>
  <system-err><![CDATA[]]></system-err>
</testsuite>
